<?xml version="1.0" encoding="UTF-8"?>
<!-- Generated by org.testng.reporters.JUnitXMLReporter -->
<testsuite ignored="0" hostname="LAPTOP-D4RH5SI9" failures="0" tests="1" name="Test1" time="2.146" errors="0" timestamp="2023-12-01T13:23:31 GMT+05:30">
  <testcase classname="SeleniumGrid.BaseClass" name="@BeforeClass sample" time="2.044">
    <failure type="org.openqa.selenium.SessionNotCreatedException" message="Could not start a new session. Response code 500. Message: Unable to create new service: ChromeDriverService
Build info: version: &amp;apos;3.141.59&amp;apos;, revision: &amp;apos;e82be7d358&amp;apos;, time: &amp;apos;2018-11-14T08:25:53&amp;apos;
System info: host: &amp;apos;LAPTOP-D4RH5SI9&amp;apos;, ip: &amp;apos;192.168.173.1&amp;apos;, os.name: &amp;apos;Windows 10&amp;apos;, os.arch: &amp;apos;amd64&amp;apos;, os.version: &amp;apos;10.0&amp;apos;, java.version: &amp;apos;17.0.9&amp;apos;
Driver info: driver.version: unknown 
Host info: host: &amp;apos;LAPTOP-D4RH5SI9&amp;apos;, ip: &amp;apos;192.168.173.1&amp;apos;
Build info: version: &amp;apos;4.11.0&amp;apos;, revision: &amp;apos;040bc5406b&amp;apos;
System info: os.name: &amp;apos;Windows 10&amp;apos;, os.arch: &amp;apos;amd64&amp;apos;, os.version: &amp;apos;10.0&amp;apos;, java.version: &amp;apos;17.0.9&amp;apos;
Driver info: org.openqa.selenium.remote.RemoteWebDriver
Command: [null, newSession {capabilities=[Capabilities {browserName: chrome, platformName: windows}]}]
Capabilities {browserName: chrome, platformName: windows}">
      <![CDATA[org.openqa.selenium.SessionNotCreatedException: Could not start a new session. Response code 500. Message: Unable to create new service: ChromeDriverService
Build info: version: '3.141.59', revision: 'e82be7d358', time: '2018-11-14T08:25:53'
System info: host: 'LAPTOP-D4RH5SI9', ip: '192.168.173.1', os.name: 'Windows 10', os.arch: 'amd64', os.version: '10.0', java.version: '17.0.9'
Driver info: driver.version: unknown 
Host info: host: 'LAPTOP-D4RH5SI9', ip: '192.168.173.1'
Build info: version: '4.11.0', revision: '040bc5406b'
System info: os.name: 'Windows 10', os.arch: 'amd64', os.version: '10.0', java.version: '17.0.9'
Driver info: org.openqa.selenium.remote.RemoteWebDriver
Command: [null, newSession {capabilities=[Capabilities {browserName: chrome, platformName: windows}]}]
Capabilities {browserName: chrome, platformName: windows}
at org.openqa.selenium.remote.ProtocolHandshake.createSession(ProtocolHandshake.java:140)
at org.openqa.selenium.remote.ProtocolHandshake.createSession(ProtocolHandshake.java:96)
at org.openqa.selenium.remote.ProtocolHandshake.createSession(ProtocolHandshake.java:68)
at org.openqa.selenium.remote.HttpCommandExecutor.execute(HttpCommandExecutor.java:163)
at org.openqa.selenium.remote.TracedCommandExecutor.execute(TracedCommandExecutor.java:51)
at org.openqa.selenium.remote.RemoteWebDriver.execute(RemoteWebDriver.java:518)
at org.openqa.selenium.remote.RemoteWebDriver.startSession(RemoteWebDriver.java:232)
at org.openqa.selenium.remote.RemoteWebDriver.<init>(RemoteWebDriver.java:159)
at org.openqa.selenium.remote.RemoteWebDriver.<init>(RemoteWebDriver.java:139)
at SeleniumGrid.BaseClass.sample(BaseClass.java:26)
at java.base/java.util.concurrent.ThreadPoolExecutor.runWorker(ThreadPoolExecutor.java:1136)
at java.base/java.util.concurrent.ThreadPoolExecutor$Worker.run(ThreadPoolExecutor.java:635)
at java.base/java.lang.Thread.run(Thread.java:842)
... Removed 10 stack frames]]>
    </failure>
  </testcase> <!-- @BeforeClass sample -->
  <testcase classname="SeleniumGrid.CrossBrowser" name="crossBrowserTest" time="0.001">
    <skipped/>
  </testcase> <!-- crossBrowserTest -->
</testsuite> <!-- Test1 -->
